This is pdfTeX, Version 3.141592653-2.6-1.40.28 (TeX Live 2025) (preloaded format=pdflatex 2025.8.12)  20 APR 2026 20:05
entering extended mode
 restricted \write18 enabled.
 file:line:error style messages enabled.
 %&-line parsing enabled.
**/home/tyler/Desktop/pandoc/example.tex
(/home/tyler/Desktop/pandoc/example.tex
LaTeX2e <2025-06-01> patch level 1
L3 programming layer <2025-07-20>
(/usr/local/texlive/2025/texmf-dist/tex/latex/base/article.cls
Document Class: article 2025/01/22 v1.4n Standard LaTeX document class
(/usr/local/texlive/2025/texmf-dist/tex/latex/base/size10.clo
File: size10.clo 2025/01/22 v1.4n Standard LaTeX file (size option)
)
\c@part=\count275
\c@section=\count276
\c@subsection=\count277
\c@subsubsection=\count278
\c@paragraph=\count279
\c@subparagraph=\count280
\c@figure=\count281
\c@table=\count282
\abovecaptionskip=\skip49
\belowcaptionskip=\skip50
\bibindent=\dimen148
) (/usr/local/texlive/2025/texmf-dist/tex/latex/amsmath/amsmath.sty
Package: amsmath 2025/06/16 v2.17y AMS math features
\@mathmargin=\skip51

For additional information on amsmath, use the `?' option.
(/usr/local/texlive/2025/texmf-dist/tex/latex/amsmath/amstext.sty
Package: amstext 2024/11/17 v2.01 AMS text
 (/usr/local/texlive/2025/texmf-dist/tex/latex/amsmath/amsgen.sty
File: amsgen.sty 1999/11/30 v2.0 generic functions
\@emptytoks=\toks17
\ex@=\dimen149
)) (/usr/local/texlive/2025/texmf-dist/tex/latex/amsmath/amsbsy.sty
Package: amsbsy 1999/11/29 v1.2d Bold Symbols
\pmbraise@=\dimen150
) (/usr/local/texlive/2025/texmf-dist/tex/latex/amsmath/amsopn.sty
Package: amsopn 2022/04/08 v2.04 operator names
)
\inf@bad=\count283
LaTeX Info: Redefining \frac on input line 233.
\uproot@=\count284
\leftroot@=\count285
LaTeX Info: Redefining \overline on input line 398.
LaTeX Info: Redefining \colon on input line 409.
\classnum@=\count286
\DOTSCASE@=\count287
LaTeX Info: Redefining \ldots on input line 495.
LaTeX Info: Redefining \dots on input line 498.
LaTeX Info: Redefining \cdots on input line 619.
\Mathstrutbox@=\box53
\strutbox@=\box54
LaTeX Info: Redefining \big on input line 721.
LaTeX Info: Redefining \Big on input line 722.
LaTeX Info: Redefining \bigg on input line 723.
LaTeX Info: Redefining \Bigg on input line 724.
\big@size=\dimen151
LaTeX Font Info:    Redeclaring font encoding OML on input line 742.
LaTeX Font Info:    Redeclaring font encoding OMS on input line 743.
\macc@depth=\count288
LaTeX Info: Redefining \bmod on input line 904.
LaTeX Info: Redefining \pmod on input line 909.
LaTeX Info: Redefining \smash on input line 939.
LaTeX Info: Redefining \relbar on input line 969.
LaTeX Info: Redefining \Relbar on input line 970.
\c@MaxMatrixCols=\count289
\dotsspace@=\muskip17
\c@parentequation=\count290
\dspbrk@lvl=\count291
\tag@help=\toks18
\row@=\count292
\column@=\count293
\maxfields@=\count294
\andhelp@=\toks19
\eqnshift@=\dimen152
\alignsep@=\dimen153
\tagshift@=\dimen154
\tagwidth@=\dimen155
\totwidth@=\dimen156
\lineht@=\dimen157
\@envbody=\toks20
\multlinegap=\skip52
\multlinetaggap=\skip53
\mathdisplay@stack=\toks21
LaTeX Info: Redefining \[ on input line 2949.
LaTeX Info: Redefining \] on input line 2950.
) (/usr/local/texlive/2025/texmf-dist/tex/latex/amsfonts/amssymb.sty
Package: amssymb 2013/01/14 v3.01 AMS font symbols
 (/usr/local/texlive/2025/texmf-dist/tex/latex/amsfonts/amsfonts.sty
Package: amsfonts 2013/01/14 v3.01 Basic AMSFonts support
\symAMSa=\mathgroup4
\symAMSb=\mathgroup5
LaTeX Font Info:    Redeclaring math symbol \hbar on input line 98.
LaTeX Font Info:    Overwriting math alphabet `\mathfrak' in version `bold'
(Font)                  U/euf/m/n --> U/euf/b/n on input line 106.
)) (/usr/local/texlive/2025/texmf-dist/tex/generic/iftex/iftex.sty
Package: iftex 2024/12/12 v1.0g TeX engine tests
) (/usr/local/texlive/2025/texmf-dist/tex/latex/base/fontenc.sty
Package: fontenc 2024/12/21 v2.1c Standard LaTeX package
) (/usr/local/texlive/2025/texmf-dist/tex/latex/base/inputenc.sty
Package: inputenc 2024/02/08 v1.3d Input encoding file
\inpenc@prehook=\toks22
\inpenc@posthook=\toks23
) (/usr/local/texlive/2025/texmf-dist/tex/latex/base/textcomp.sty
Package: textcomp 2024/04/24 v2.1b Standard LaTeX package
) (/usr/local/texlive/2025/texmf-dist/tex/latex/lm/lmodern.sty
Package: lmodern 2015/05/01 v1.6.1 Latin Modern Fonts
LaTeX Font Info:    Overwriting symbol font `operators' in version `normal'
(Font)                  OT1/cmr/m/n --> OT1/lmr/m/n on input line 22.
LaTeX Font Info:    Overwriting symbol font `letters' in version `normal'
(Font)                  OML/cmm/m/it --> OML/lmm/m/it on input line 23.
LaTeX Font Info:    Overwriting symbol font `symbols' in version `normal'
(Font)                  OMS/cmsy/m/n --> OMS/lmsy/m/n on input line 24.
LaTeX Font Info:    Overwriting symbol font `largesymbols' in version `normal'
(Font)                  OMX/cmex/m/n --> OMX/lmex/m/n on input line 25.
LaTeX Font Info:    Overwriting symbol font `operators' in version `bold'
(Font)                  OT1/cmr/bx/n --> OT1/lmr/bx/n on input line 26.
LaTeX Font Info:    Overwriting symbol font `letters' in version `bold'
(Font)                  OML/cmm/b/it --> OML/lmm/b/it on input line 27.
LaTeX Font Info:    Overwriting symbol font `symbols' in version `bold'
(Font)                  OMS/cmsy/b/n --> OMS/lmsy/b/n on input line 28.
LaTeX Font Info:    Overwriting symbol font `largesymbols' in version `bold'
(Font)                  OMX/cmex/m/n --> OMX/lmex/m/n on input line 29.
LaTeX Font Info:    Overwriting math alphabet `\mathbf' in version `normal'
(Font)                  OT1/cmr/bx/n --> OT1/lmr/bx/n on input line 31.
LaTeX Font Info:    Overwriting math alphabet `\mathsf' in version `normal'
(Font)                  OT1/cmss/m/n --> OT1/lmss/m/n on input line 32.
LaTeX Font Info:    Overwriting math alphabet `\mathit' in version `normal'
(Font)                  OT1/cmr/m/it --> OT1/lmr/m/it on input line 33.
LaTeX Font Info:    Overwriting math alphabet `\mathtt' in version `normal'
(Font)                  OT1/cmtt/m/n --> OT1/lmtt/m/n on input line 34.
LaTeX Font Info:    Overwriting math alphabet `\mathbf' in version `bold'
(Font)                  OT1/cmr/bx/n --> OT1/lmr/bx/n on input line 35.
LaTeX Font Info:    Overwriting math alphabet `\mathsf' in version `bold'
(Font)                  OT1/cmss/bx/n --> OT1/lmss/bx/n on input line 36.
LaTeX Font Info:    Overwriting math alphabet `\mathit' in version `bold'
(Font)                  OT1/cmr/bx/it --> OT1/lmr/bx/it on input line 37.
LaTeX Font Info:    Overwriting math alphabet `\mathtt' in version `bold'
(Font)                  OT1/cmtt/m/n --> OT1/lmtt/m/n on input line 38.
) (/usr/local/texlive/2025/texmf-dist/tex/latex/upquote/upquote.sty
Package: upquote 2012/04/19 v1.3 upright-quote and grave-accent glyphs in verbatim
) (/usr/local/texlive/2025/texmf-dist/tex/latex/microtype/microtype.sty
Package: microtype 2025/07/09 v3.2b Micro-typographical refinements (RS)
 (/usr/local/texlive/2025/texmf-dist/tex/latex/graphics/keyval.sty
Package: keyval 2022/05/29 v1.15 key=value parser (DPC)
\KV@toks@=\toks24
) (/usr/local/texlive/2025/texmf-dist/tex/latex/etoolbox/etoolbox.sty
Package: etoolbox 2025/02/11 v2.5l e-TeX tools for LaTeX (JAW)
\etb@tempcnta=\count295
)
\MT@toks=\toks25
\MT@tempbox=\box55
\MT@count=\count296
LaTeX Info: Redefining \noprotrusionifhmode on input line 1087.
LaTeX Info: Redefining \leftprotrusion on input line 1088.
\MT@prot@toks=\toks26
LaTeX Info: Redefining \rightprotrusion on input line 1107.
LaTeX Info: Redefining \textls on input line 1449.
\MT@outer@kern=\dimen158
LaTeX Info: Redefining \microtypecontext on input line 2053.
LaTeX Info: Redefining \textmicrotypecontext on input line 2070.
\MT@listname@count=\count297
 (/usr/local/texlive/2025/texmf-dist/tex/latex/microtype/microtype-pdftex.def
File: microtype-pdftex.def 2025/07/09 v3.2b Definitions specific to pdftex (RS)
LaTeX Info: Redefining \lsstyle on input line 944.
LaTeX Info: Redefining \lslig on input line 944.
\MT@outer@space=\skip54
)
Package microtype Info: Loading configuration file microtype.cfg.
 (/usr/local/texlive/2025/texmf-dist/tex/latex/microtype/microtype.cfg
File: microtype.cfg 2025/07/09 v3.2b microtype main configuration file (RS)
)
LaTeX Info: Redefining \microtypesetup on input line 3065.
) (/usr/local/texlive/2025/texmf-dist/tex/latex/parskip/parskip.sty
Package: parskip 2021-03-14 v2.0h non-zero parskip adjustments
 (/usr/local/texlive/2025/texmf-dist/tex/latex/kvoptions/kvoptions.sty
Package: kvoptions 2022-06-15 v3.15 Key value format for package options (HO)
 (/usr/local/texlive/2025/texmf-dist/tex/generic/ltxcmds/ltxcmds.sty
Package: ltxcmds 2023-12-04 v1.26 LaTeX kernel commands for general use (HO)
) (/usr/local/texlive/2025/texmf-dist/tex/latex/kvsetkeys/kvsetkeys.sty
Package: kvsetkeys 2022-10-05 v1.19 Key value parser (HO)
))) (/usr/local/texlive/2025/texmf-dist/tex/latex/fancyvrb/fancyvrb.sty
Package: fancyvrb 2025/07/28 4.6 verbatim text (tvz,hv)
\FV@CodeLineNo=\count298
\FV@InFile=\read2
\FV@TabBox=\box56
\c@FancyVerbLine=\count299
\FV@StepNumber=\count300
\FV@OutFile=\write3
) (/usr/local/texlive/2025/texmf-dist/tex/latex/xcolor/xcolor.sty
Package: xcolor 2024/09/29 v3.02 LaTeX color extensions (UK)
 (/usr/local/texlive/2025/texmf-dist/tex/latex/graphics-cfg/color.cfg
File: color.cfg 2016/01/02 v1.6 sample color configuration
)
Package xcolor Info: Driver file: pdftex.def on input line 274.
 (/usr/local/texlive/2025/texmf-dist/tex/latex/graphics-def/pdftex.def
File: pdftex.def 2024/04/13 v1.2c Graphics/color driver for pdftex
) (/usr/local/texlive/2025/texmf-dist/tex/latex/graphics/mathcolor.ltx)
Package xcolor Info: Model `cmy' substituted by `cmy0' on input line 1349.
Package xcolor Info: Model `hsb' substituted by `rgb' on input line 1353.
Package xcolor Info: Model `RGB' extended on input line 1365.
Package xcolor Info: Model `HTML' substituted by `rgb' on input line 1367.
Package xcolor Info: Model `Hsb' substituted by `hsb' on input line 1368.
Package xcolor Info: Model `tHsb' substituted by `hsb' on input line 1369.
Package xcolor Info: Model `HSB' substituted by `hsb' on input line 1370.
Package xcolor Info: Model `Gray' substituted by `gray' on input line 1371.
Package xcolor Info: Model `wave' substituted by `hsb' on input line 1372.
) (/usr/local/texlive/2025/texmf-dist/tex/latex/tools/longtable.sty
Package: longtable 2024-12-18 v4.23 Multi-page Table package (DPC)
\LTleft=\skip55
\LTright=\skip56
\LTpre=\skip57
\LTpost=\skip58
\LTchunksize=\count301
\LTcapwidth=\dimen159
\LT@head=\box57
\LT@firsthead=\box58
\LT@foot=\box59
\LT@lastfoot=\box60
\LT@gbox=\box61
\LT@cols=\count302
\LT@rows=\count303
\c@LT@tables=\count304
\c@LT@chunks=\count305
\LT@p@ftn=\toks27
) (/usr/local/texlive/2025/texmf-dist/tex/latex/booktabs/booktabs.sty
Package: booktabs 2020/01/12 v1.61803398 Publication quality tables
\heavyrulewidth=\dimen160
\lightrulewidth=\dimen161
\cmidrulewidth=\dimen162
\belowrulesep=\dimen163
\belowbottomsep=\dimen164
\aboverulesep=\dimen165
\abovetopsep=\dimen166
\cmidrulesep=\dimen167
\cmidrulekern=\dimen168
\defaultaddspace=\dimen169
\@cmidla=\count306
\@cmidlb=\count307
\@aboverulesep=\dimen170
\@belowrulesep=\dimen171
\@thisruleclass=\count308
\@lastruleclass=\count309
\@thisrulewidth=\dimen172
) (/usr/local/texlive/2025/texmf-dist/tex/latex/tools/array.sty
Package: array 2025/06/08 v2.6j Tabular extension package (FMi)
\col@sep=\dimen173
\ar@mcellbox=\box62
\extrarowheight=\dimen174
\NC@list=\toks28
\extratabsurround=\skip59
\backup@length=\skip60
\ar@cellbox=\box63
) (/usr/local/texlive/2025/texmf-dist/tex/latex/tools/calc.sty
Package: calc 2025/03/01 v4.3b Infix arithmetic (KKT,FJ)
\calc@Acount=\count310
\calc@Bcount=\count311
\calc@Adimen=\dimen175
\calc@Bdimen=\dimen176
\calc@Askip=\skip61
\calc@Bskip=\skip62
LaTeX Info: Redefining \setlength on input line 86.
LaTeX Info: Redefining \addtolength on input line 87.
\calc@Ccount=\count312
\calc@Cskip=\skip63
) (/usr/local/texlive/2025/texmf-dist/tex/latex/footnotehyper/footnotehyper.sty
Package: footnotehyper 2021/08/13 v1.1e hyperref aware footnote.sty (JFB)
\FNH@notes=\box64
\FNH@width=\dimen177
\FNH@toks=\toks29
) (/usr/local/texlive/2025/texmf-dist/tex/latex/bookmark/bookmark.sty
Package: bookmark 2023-12-10 v1.31 PDF bookmarks (HO)
 (/usr/local/texlive/2025/texmf-dist/tex/latex/hyperref/hyperref.sty
Package: hyperref 2025-07-12 v7.01o Hypertext links for LaTeX
 (/usr/local/texlive/2025/texmf-dist/tex/generic/kvdefinekeys/kvdefinekeys.sty
Package: kvdefinekeys 2019-12-19 v1.6 Define keys (HO)
) (/usr/local/texlive/2025/texmf-dist/tex/generic/pdfescape/pdfescape.sty
Package: pdfescape 2019/12/09 v1.15 Implements pdfTeX's escape features (HO)
 (/usr/local/texlive/2025/texmf-dist/tex/generic/pdftexcmds/pdftexcmds.sty
Package: pdftexcmds 2020-06-27 v0.33 Utility functions of pdfTeX for LuaTeX (HO)
 (/usr/local/texlive/2025/texmf-dist/tex/generic/infwarerr/infwarerr.sty
Package: infwarerr 2019/12/03 v1.5 Providing info/warning/error messages (HO)
)
Package pdftexcmds Info: \pdf@primitive is available.
Package pdftexcmds Info: \pdf@ifprimitive is available.
Package pdftexcmds Info: \pdfdraftmode found.
)) (/usr/local/texlive/2025/texmf-dist/tex/latex/hycolor/hycolor.sty
Package: hycolor 2020-01-27 v1.10 Color options for hyperref/bookmark (HO)
) (/usr/local/texlive/2025/texmf-dist/tex/latex/hyperref/nameref.sty
Package: nameref 2025-06-21 v2.57 Cross-referencing by name of section
 (/usr/local/texlive/2025/texmf-dist/tex/latex/refcount/refcount.sty
Package: refcount 2019/12/15 v3.6 Data extraction from label references (HO)
) (/usr/local/texlive/2025/texmf-dist/tex/generic/gettitlestring/gettitlestring.sty
Package: gettitlestring 2019/12/15 v1.6 Cleanup title references (HO)
)
\c@section@level=\count313
) (/usr/local/texlive/2025/texmf-dist/tex/generic/stringenc/stringenc.sty
Package: stringenc 2019/11/29 v1.12 Convert strings between diff. encodings (HO)
)
\@linkdim=\dimen178
\Hy@linkcounter=\count314
\Hy@pagecounter=\count315
 (/usr/local/texlive/2025/texmf-dist/tex/latex/hyperref/pd1enc.def
File: pd1enc.def 2025-07-12 v7.01o Hyperref: PDFDocEncoding definition (HO)
Now handling font encoding PD1 ...
... no UTF-8 mapping file for font encoding PD1
) (/usr/local/texlive/2025/texmf-dist/tex/generic/intcalc/intcalc.sty
Package: intcalc 2019/12/15 v1.3 Expandable calculations with integers (HO)
)
\Hy@SavedSpaceFactor=\count316
 (/usr/local/texlive/2025/texmf-dist/tex/latex/hyperref/puenc.def
File: puenc.def 2025-07-12 v7.01o Hyperref: PDF Unicode definition (HO)
Now handling font encoding PU ...
... no UTF-8 mapping file for font encoding PU
)
Package hyperref Info: Option `unicode' set `true' on input line 4066.
Package hyperref Info: Hyper figures OFF on input line 4195.
Package hyperref Info: Link nesting OFF on input line 4200.
Package hyperref Info: Hyper index ON on input line 4203.
Package hyperref Info: Plain pages OFF on input line 4210.
Package hyperref Info: Backreferencing OFF on input line 4215.
Package hyperref Info: Implicit mode ON; LaTeX internals redefined.
Package hyperref Info: Bookmarks ON on input line 4462.
\c@Hy@tempcnt=\count317
 (/usr/local/texlive/2025/texmf-dist/tex/latex/url/url.sty
\Urlmuskip=\muskip18
Package: url 2013/09/16  ver 3.4  Verb mode for urls, etc.
)
LaTeX Info: Redefining \url on input line 4801.
\XeTeXLinkMargin=\dimen179
 (/usr/local/texlive/2025/texmf-dist/tex/generic/bitset/bitset.sty
Package: bitset 2019/12/09 v1.3 Handle bit-vector datatype (HO)
 (/usr/local/texlive/2025/texmf-dist/tex/generic/bigintcalc/bigintcalc.sty
Package: bigintcalc 2019/12/15 v1.5 Expandable calculations on big integers (HO)
))
\Fld@menulength=\count318
\Field@Width=\dimen180
\Fld@charsize=\dimen181
Package hyperref Info: Hyper figures OFF on input line 6078.
Package hyperref Info: Link nesting OFF on input line 6083.
Package hyperref Info: Hyper index ON on input line 6086.
Package hyperref Info: backreferencing OFF on input line 6093.
Package hyperref Info: Link coloring OFF on input line 6098.
Package hyperref Info: Link coloring with OCG OFF on input line 6103.
Package hyperref Info: PDF/A mode OFF on input line 6108.
\Hy@abspage=\count319
\c@Item=\count320
\c@Hfootnote=\count321
)
Package hyperref Info: Driver (autodetected): hpdftex.
 (/usr/local/texlive/2025/texmf-dist/tex/latex/hyperref/hpdftex.def
File: hpdftex.def 2025-07-12 v7.01o Hyperref driver for pdfTeX
\Fld@listcount=\count322
\c@bookmark@seq@number=\count323
 (/usr/local/texlive/2025/texmf-dist/tex/latex/rerunfilecheck/rerunfilecheck.sty
Package: rerunfilecheck 2025-06-21 v1.11 Rerun checks for auxiliary files (HO)
 (/usr/local/texlive/2025/texmf-dist/tex/generic/uniquecounter/uniquecounter.sty
Package: uniquecounter 2019/12/15 v1.4 Provide unlimited unique counter (HO)
)
Package uniquecounter Info: New unique counter `rerunfilecheck' on input line 284.
)
\Hy@SectionHShift=\skip64
) (/usr/local/texlive/2025/texmf-dist/tex/latex/bookmark/bkm-pdftex.def
File: bkm-pdftex.def 2023-12-10 v1.31 bookmark driver for pdfTeX and luaTeX (HO)
\BKM@id=\count324
)) (/usr/local/texlive/2025/texmf-dist/tex/latex/xurl/xurl.sty
Package: xurl 2022/01/09 v 0.10 modify URL breaks
)
LaTeX Font Info:    Trying to load font information for T1+lmr on input line 109.
 (/usr/local/texlive/2025/texmf-dist/tex/latex/lm/t1lmr.fd
File: t1lmr.fd 2015/05/01 v1.6.1 Font defs for Latin Modern
) (/usr/local/texlive/2025/texmf-dist/tex/latex/l3backend/l3backend-pdftex.def
File: l3backend-pdftex.def 2025-06-09 L3 backend support: PDF output (pdfTeX)
\l__color_backend_stack_int=\count325
) (./example.aux)
\openout1 = `example.aux'.

LaTeX Font Info:    Checking defaults for OML/cmm/m/it on input line 109.
LaTeX Font Info:    ... okay on input line 109.
LaTeX Font Info:    Checking defaults for OMS/cmsy/m/n on input line 109.
LaTeX Font Info:    ... okay on input line 109.
LaTeX Font Info:    Checking defaults for OT1/cmr/m/n on input line 109.
LaTeX Font Info:    ... okay on input line 109.
LaTeX Font Info:    Checking defaults for T1/cmr/m/n on input line 109.
LaTeX Font Info:    ... okay on input line 109.
LaTeX Font Info:    Checking defaults for TS1/cmr/m/n on input line 109.
LaTeX Font Info:    ... okay on input line 109.
LaTeX Font Info:    Checking defaults for OMX/cmex/m/n on input line 109.
LaTeX Font Info:    ... okay on input line 109.
LaTeX Font Info:    Checking defaults for U/cmr/m/n on input line 109.
LaTeX Font Info:    ... okay on input line 109.
LaTeX Font Info:    Checking defaults for PD1/pdf/m/n on input line 109.
LaTeX Font Info:    ... okay on input line 109.
LaTeX Font Info:    Checking defaults for PU/pdf/m/n on input line 109.
LaTeX Font Info:    ... okay on input line 109.
LaTeX Info: Redefining \microtypecontext on input line 109.
Package microtype Info: Applying patch `item' on input line 109.
Package microtype Info: Applying patch `toc' on input line 109.
Package microtype Info: Applying patch `eqnum' on input line 109.


Package microtype Warning: Unable to apply patch `footnote' on input line 109.

Package microtype Info: Applying patch `verbatim' on input line 109.
LaTeX Info: Redefining \microtypesetup on input line 109.
Package microtype Info: Generating PDF output.
Package microtype Info: Character protrusion enabled (level 2).
Package microtype Info: Using protrusion set `basicmath'.
Package microtype Info: Automatic font expansion enabled (level 2),
(microtype)             stretch: 20, shrink: 20, step: 1, non-selected.
Package microtype Info: Using default expansion set `alltext-nott'.
Package microtype Info: Patching command `\showhyphens'.
Package microtype Info: No adjustment of tracking.
Package microtype Info: No adjustment of interword spacing.
Package microtype Info: No adjustment of character kerning.
(/usr/local/texlive/2025/texmf-dist/tex/latex/microtype/mt-cmr.cfg
File: mt-cmr.cfg 2013/05/19 v2.2 microtype config. file: Computer Modern Roman (RS)
) (/usr/local/texlive/2025/texmf-dist/tex/context/base/mkii/supp-pdf.mkii
[Loading MPS to PDF converter (version 2006.09.02).]
\scratchcounter=\count326
\scratchdimen=\dimen182
\scratchbox=\box65
\nofMPsegments=\count327
\nofMParguments=\count328
\everyMPshowfont=\toks30
\MPscratchCnt=\count329
\MPscratchDim=\dimen183
\MPnumerator=\count330
\makeMPintoPDFobject=\count331
\everyMPtoPDFconversion=\toks31
)
Package hyperref Info: Link coloring OFF on input line 109.
LaTeX Font Info:    Trying to load font information for OT1+lmr on input line 111.
 (/usr/local/texlive/2025/texmf-dist/tex/latex/lm/ot1lmr.fd
File: ot1lmr.fd 2015/05/01 v1.6.1 Font defs for Latin Modern
)
LaTeX Font Info:    Trying to load font information for OML+lmm on input line 111.
 (/usr/local/texlive/2025/texmf-dist/tex/latex/lm/omllmm.fd
File: omllmm.fd 2015/05/01 v1.6.1 Font defs for Latin Modern
)
LaTeX Font Info:    Trying to load font information for OMS+lmsy on input line 111.
 (/usr/local/texlive/2025/texmf-dist/tex/latex/lm/omslmsy.fd
File: omslmsy.fd 2015/05/01 v1.6.1 Font defs for Latin Modern
)
LaTeX Font Info:    Trying to load font information for OMX+lmex on input line 111.
 (/usr/local/texlive/2025/texmf-dist/tex/latex/lm/omxlmex.fd
File: omxlmex.fd 2015/05/01 v1.6.1 Font defs for Latin Modern
)
LaTeX Font Info:    External font `lmex10' loaded for size
(Font)              <12> on input line 111.
LaTeX Font Info:    External font `lmex10' loaded for size
(Font)              <8> on input line 111.
LaTeX Font Info:    External font `lmex10' loaded for size
(Font)              <6> on input line 111.
LaTeX Font Info:    Trying to load font information for U+msa on input line 111.
 (/usr/local/texlive/2025/texmf-dist/tex/latex/amsfonts/umsa.fd
File: umsa.fd 2013/01/14 v3.01 AMS symbols A
) (/usr/local/texlive/2025/texmf-dist/tex/latex/microtype/mt-msa.cfg
File: mt-msa.cfg 2006/02/04 v1.1 microtype config. file: AMS symbols (a) (RS)
)
LaTeX Font Info:    Trying to load font information for U+msb on input line 111.
 (/usr/local/texlive/2025/texmf-dist/tex/latex/amsfonts/umsb.fd
File: umsb.fd 2013/01/14 v3.01 AMS symbols B
) (/usr/local/texlive/2025/texmf-dist/tex/latex/microtype/mt-msb.cfg
File: mt-msb.cfg 2005/06/01 v1.0 microtype config. file: AMS symbols (b) (RS)
)
LaTeX Font Info:    Trying to load font information for T1+lmtt on input line 115.
 (/usr/local/texlive/2025/texmf-dist/tex/latex/lm/t1lmtt.fd
File: t1lmtt.fd 2015/05/01 v1.6.1 Font defs for Latin Modern
)

[1

{/usr/local/texlive/2025/texmf-var/fonts/map/pdftex/updmap/pdftex.map}{/usr/local/texlive/2025/texmf-dist/fonts/enc/dvips/lm/lm-ec.enc}]

[2]

[3]
Overfull \hbox (22.49893pt too wide) in paragraph at lines 363--363
[]\T1/lmtt/m/n/10 pandoc -f html -t markdown --request-header User-Agent:"Mozilla/5.0" \[] 
 []

LaTeX Font Info:    Font shape `T1/lmtt/bx/n' in size <10> not available
(Font)              Font shape `T1/lmtt/b/n' tried instead on input line 373.

Underfull \hbox (badness 10000) in paragraph at lines 374--375
[]
 []

LaTeX Font Info:    Trying to load font information for TS1+lmr on input line 380.
(/usr/local/texlive/2025/texmf-dist/tex/latex/lm/ts1lmr.fd
File: ts1lmr.fd 2015/05/01 v1.6.1 Font defs for Latin Modern
)

[4{/usr/local/texlive/2025/texmf-dist/fonts/enc/dvips/lm/lm-ts1.enc}]
Underfull \hbox (badness 1178) in paragraph at lines 535--541
[]\T1/lmr/m/n/10 (+20) Extensions can be in-di-vid-u-ally en-abled or dis-abled by ap-pend-ing
 []


Underfull \hbox (badness 10000) in paragraph at lines 542--543
[]
 []



[5]

[6]
Underfull \hbox (badness 1178) in paragraph at lines 773--778
[]\T1/lmr/m/n/10 (+20) Extensions can be in-di-vid-u-ally en-abled or dis-abled by ap-pend-ing
 []



[7]

[8]
Overfull \hbox (31.11388pt too wide) in paragraph at lines 870--872
[]\T1/lmr/m/it/10 (-20) Deprecated. Use \T1/lmtt/m/it/10 --shift-heading-level-by\T1/lmr/m/it/10 (-20) =X
 []



[9]

[10]

[11]
LaTeX Font Info:    Trying to load font information for TS1+lmtt on input line 1084.
 (/usr/local/texlive/2025/texmf-dist/tex/latex/lm/ts1lmtt.fd
File: ts1lmtt.fd 2015/05/01 v1.6.1 Font defs for Latin Modern
)

[12]

[13]
Underfull \hbox (badness 2229) in paragraph at lines 1169--1174
[]\T1/lmr/m/n/10 (+20) Include an au-to-
 []


Underfull \hbox (badness 10000) in paragraph at lines 1185--1193
[]\T1/lmr/m/n/10 (+20) The
 []



[14]
Overfull \hbox (27.07469pt too wide) in paragraph at lines 1209--1211
[]\T1/lmr/m/n/10 (-20) To gen-er-ate the JSON ver-sion of an ex-ist-ing style, use \T1/lmtt/m/n/10 --print-highlight-style\T1/lmr/m/n/10 (-20) . 
 []


Overfull \hbox (68.76788pt too wide) in paragraph at lines 1219--1220
[]\T1/lmr/m/it/10 (-20) Deprecated, use \T1/lmtt/m/it/10 --syntax-highlighting=\T1/lmr/m/n/10 (-20) STYLE\T1/lmr/m/it/10 (-20) |\T1/lmr/m/n/10 (-20) FILE
 []



[15]
Overfull \hbox (5.85352pt too wide) in paragraph at lines 1301--1302
[]\T1/lmr/m/it/10 (-20) Deprecated syn-onym for \T1/lmtt/m/it/10 --embed-resources
 []



[16]
Underfull \hbox (badness 1424) in paragraph at lines 1364--1369
[]\T1/lmr/m/n/10 (+20) Specify whether to use ATX-style (\T1/lmtt/m/n/10 #\T1/lmr/m/n/10 (+20) -
 []



[17]
Overfull \hbox (16.30066pt too wide) in paragraph at lines 1409--1411
[]\T1/lmr/m/n/10 (-20) *Deprecated, use \T1/lmtt/m/n/10 --syntax-highlighting=idiomatic
 []



[18]
Underfull \hbox (badness 6641) in paragraph at lines 1486--1492
\T1/lmr/m/n/10 (+20) de-fault \T1/lmtt/m/n/10 reference.docx\T1/lmr/m/n/10 (+20) : \T1/lmtt/m/n/10 pandoc -o custom-reference.docx
 []


Underfull \hbox (badness 10000) in paragraph at lines 1486--1492
\T1/lmtt/m/n/10 --print-default-data-file reference.docx\T1/lmr/m/n/10 (+20) . Then open
 []



[19]

[20]
Underfull \hbox (badness 10000) in paragraph at lines 1595--1600
\T1/lmr/m/n/10 (+20) de-fault \T1/lmtt/m/n/10 reference.odt\T1/lmr/m/n/10 (+20) : \T1/lmtt/m/n/10 pandoc -o custom-reference.odt
 []


Underfull \hbox (badness 10000) in paragraph at lines 1595--1600
\T1/lmtt/m/n/10 --print-default-data-file reference.odt\T1/lmr/m/n/10 (+20) . Then open
 []


Underfull \hbox (badness 3503) in paragraph at lines 1595--1600
\T1/lmtt/m/n/10 custom-reference.odt \T1/lmr/m/n/10 (+20) in Li-bre-Of-fice, mod-ify the styles as
 []


Underfull \hbox (badness 10000) in paragraph at lines 1636--1640
\T1/lmtt/m/n/10 -o custom-reference.pptx --print-default-data-file
 []


Underfull \hbox (badness 10000) in paragraph at lines 1636--1640
\T1/lmtt/m/n/10 reference.pptx\T1/lmr/m/n/10 (+20) , and then mod-ify \T1/lmtt/m/n/10 custom-reference.pptx
 []



[21]
Underfull \hbox (badness 1242) in paragraph at lines 1682--1692
[]\T1/lmr/m/n/10 (+20) By de-fault, pan-doc will in-clude the fol-low-ing meta-data el-e-ments:
 []



[22]
Underfull \hbox (badness 1603) in paragraph at lines 1737--1743
[]\T1/lmr/m/n/10 (+20) Determines how ipynb out-put cells are
 []



[23]
Underfull \hbox (badness 1701) in paragraph at lines 1763--1768
[]\T1/lmtt/m/n/10 -t html\T1/lmr/m/n/10 (+20) : \T1/lmtt/m/n/10 weasyprint \T1/lmr/m/n/10 (+20) (other op-tions: \T1/lmtt/m/n/10 prince\T1/lmr/m/n/10 (+20) , \T1/lmtt/m/n/10 wkhtmltopdf\T1/lmr/m/n/10 (+20) ,
 []



[24]

[25]

Package longtable Warning: Column widths have changed
(longtable)                in table 1 on input line 1981.

[26]

[27]
Overfull \hbox (13.08113pt too wide) in paragraph at lines 2048--2055
\T1/lmtt/m/n/10 --css\T1/lmr/m/n/10 (-20) , \T1/lmtt/m/n/10 --include-in-header\T1/lmr/m/n/10 (-20) , \T1/lmtt/m/n/10 --include-before-body\T1/lmr/m/n/10 (-20) , \T1/lmtt/m/n/10 --include-after-body\T1/lmr/m/n/10 (-20) ,
 []

[28]
Overfull \hbox (6.12846pt too wide) in paragraph at lines 2303--2303
[]\T1/lmtt/m/n/10 --default-image-extension ".jpg"[] 
 []


Overfull \hbox (0.87848pt too wide) in paragraph at lines 2328--2328
[] \T1/lmtt/m/n/10 --lua-filter count-words.lua \[] 
 []



[29]
Overfull \hbox (0.87848pt too wide) in paragraph at lines 2787--2787
[]\T1/lmtt/m/n/10 --figure-caption-position=above[] 
 []


Overfull \hbox (0.87848pt too wide) in paragraph at lines 3044--3044
[]\T1/lmtt/m/n/10 --epub-embed-font special.otf \[] 
 []


Overfull \hbox (6.12846pt too wide) in paragraph at lines 3044--3044
[]  \T1/lmtt/m/n/10 --epub-embed-font headline.otf[] 
 []


Overfull \hbox (0.87848pt too wide) in paragraph at lines 3112--3112
[]\T1/lmtt/m/n/10 --pdf-engine-opt=--shell-escape[] 
 []

[30]
Overfull \hbox (6.12846pt too wide) in paragraph at lines 3181--3181
[]\T1/lmtt/m/n/10 --citation-abbreviations ab.json[] 
 []



[31]

[32]
Underfull \hbox (badness 1997) in paragraph at lines 3375--3381
[]\T1/lmr/m/n/10 (+20) For \T1/lmtt/m/n/10 pdf \T1/lmr/m/n/10 (+20) out-put, cus-tomize the \T1/lmtt/m/n/10 default.latex \T1/lmr/m/n/10 (+20) tem-plate (or the
 []


Underfull \hbox (badness 1127) in paragraph at lines 3384--3389
[]\T1/lmr/m/n/10 (+20) Note that \T1/lmtt/m/n/10 docx\T1/lmr/m/n/10 (+20) , \T1/lmtt/m/n/10 odt\T1/lmr/m/n/10 (+20) , and \T1/lmtt/m/n/10 pptx \T1/lmr/m/n/10 (+20) out-put can also be cus-tomized us-ing
 []



[33]

[34]

[35]

[36]

[37]
Overfull \hbox (43.49887pt too wide) in paragraph at lines 3749--3749
[]\T1/lmtt/m/n/10 $it.name.first/uppercase/left 20 "| "$$it.name.salary/right 10 " | " " |"$[] 
 []



[38]

[39]

[40]
Overfull \hbox (40.93956pt too wide) in paragraph at lines 3940--3948
\T1/lmr/m/n/10 (-20) (have a look with \T1/lmtt/m/n/10 pandoc --print-default-data-file=templates/styles.html\T1/lmr/m/n/10 (-20) ).
 []



[41]
Underfull \hbox (badness 10000) in paragraph at lines 3973--3975
[]\T1/lmr/m/n/10 (+20) sets the cor-re-
 []


Overfull \hbox (76.17848pt too wide) in paragraph at lines 4024--4026
[]\T1/lmr/m/n/10 (-20) base URL for re-veal.js doc-u-ments (de-faults to \T1/lmtt/m/n/10 https://unpkg.com/reveal.js@^^B5\T1/lmr/m/n/10 (-20) ) 
 []



[42]
Overfull \hbox (84.03542pt too wide) in paragraph at lines 4029--4031
[]\T1/lmr/m/n/10 (-20) base URL for Slidy doc-u-ments (de-faults to \T1/lmtt/m/n/10 https://www.w3.org/Talks/Tools/Slidy2\T1/lmr/m/n/10 (-20) ) 
 []


Underfull \hbox (badness 1112) in paragraph at lines 4038--4043
[]\T1/lmr/m/n/10 (+20) highlight.js theme for code high-light-ing when us-ing
 []


Overfull \hbox (102.86012pt too wide) in paragraph at lines 4083--4084
[]
 []


Underfull \hbox (badness 10000) in paragraph at lines 4090--4092
[]
 []



[43]

[44]
Underfull \hbox (badness 5970) in paragraph at lines 4200--4202
[]\T1/lmr/m/n/10 (+20) sets mar-gins if
 []



[45]
Overfull \hbox (43.416pt too wide) in paragraph at lines 4268--4278
[]
 []


Overfull \hbox (172.88777pt too wide) in paragraph at lines 4279--4286
[]
 []


Underfull \hbox (badness 3724) in paragraph at lines 4279--4286
\T1/lmr/m/n/10 (+20) options to use with \T1/lmtt/m/n/10 mainfont\T1/lmr/m/n/10 (+20) , \T1/lmtt/m/n/10 sansfont\T1/lmr/m/n/10 (+20) , \T1/lmtt/m/n/10 monofont\T1/lmr/m/n/10 (+20) , \T1/lmtt/m/n/10 mathfont\T1/lmr/m/n/10 (+20) ,
 []


Underfull \hbox (badness 1755) in paragraph at lines 4279--4286
\T1/lmtt/m/n/10 CJKmainfont \T1/lmr/m/n/10 (+20) in \T1/lmtt/m/n/10 xelatex \T1/lmr/m/n/10 (+20) and \T1/lmtt/m/n/10 lualatex\T1/lmr/m/n/10 (+20) . Al-low for any choices
 []



[46]
Underfull \hbox (badness 3977) in paragraph at lines 4340--4344
[]\T1/lmr/m/n/10 (+20) color for in-ter-nal
 []


Underfull \hbox (badness 1755) in paragraph at lines 4357--4360
[]\T1/lmr/m/n/10 (+20) include list of fig-ures, list of ta-bles (can also be set us-ing
 []


Overfull \hbox (4.2034pt too wide) in paragraph at lines 4363--4365
[]\T1/lmr/m/n/10 (-20) include ta-ble of con-tents (can also be set us-ing \T1/lmtt/m/n/10 --toc/--table-of-contents\T1/lmr/m/n/10 (-20) ) 
 []



[47]
Underfull \hbox (badness 10000) in paragraph at lines 4459--4463
[]\T1/lmr/m/n/10 (+20) list of fonts
 []


Underfull \hbox (badness 2012) in paragraph at lines 4464--4466
[]\T1/lmr/m/n/10 (+20) sets mar-gins, if
 []



[48]
Overfull \hbox (4.2034pt too wide) in paragraph at lines 4502--4504
[]\T1/lmr/m/n/10 (-20) include ta-ble of con-tents (can also be set us-ing \T1/lmtt/m/n/10 --toc/--table-of-contents\T1/lmr/m/n/10 (-20) ) 
 []


Overfull \hbox (17.14706pt too wide) in paragraph at lines 4509--4511
[]\T1/lmr/m/n/10 (-20) spacing be-tween para-graphs, e.g. \T1/lmtt/m/n/10 none\T1/lmr/m/n/10 (-20) , \T1/lmtt/m/n/10 small \T1/lmr/m/n/10 (-20) (us-ing []\T1/lmtt/m/n/10 setupwhitespace[]\T1/lmr/m/n/10 (-20) ) 
 []



[49]

[50]
Overfull \hbox (6.10695pt too wide) in paragraph at lines 4700--4706
\T1/lmr/m/n/10 (-20) abled by adding \T1/lmtt/m/n/10 -EXTENSION\T1/lmr/m/n/10 (-20) . For ex-am-ple, \T1/lmtt/m/n/10 --from markdown_strict+footnotes
 []


Overfull \hbox (55.52846pt too wide) in paragraph at lines 4700--4706
\T1/lmr/m/n/10 (-20) is strict Mark-down with foot-notes en-abled, while \T1/lmtt/m/n/10 --from markdown-footnotes-pipe_tables
 []



[51]

[52]

Package longtable Warning: Column widths have changed
(longtable)                in table 10 on input line 4825.


Overfull \hbox (22.49893pt too wide) in paragraph at lines 4845--4845
[]\T1/lmtt/m/n/10 [heading identifiers](#heading-identifiers-in-html-latex-and-context).[] 
 []


Overfull \hbox (9.81372pt too wide) in paragraph at lines 4879--4886
\T1/lmr/m/n/10 (-20) The ex-ten-sions []\T1/lmtt/m/n/10 tex_math_dollars[]\T1/lmr/m/n/10 (-20) , []\T1/lmtt/m/n/10 tex_math_gfm[]\T1/lmr/m/n/10 (-20) , []\T1/lmtt/m/n/10 tex_math_single_backslash[]\T1/lmr/m/n/10 (-20) ,
 []



[53]

[54]

[55]

[56]

[57]

[58]

[59]
Underfull \hbox (badness 2564) in paragraph at lines 5385--5389
[]\T1/lmr/m/n/10 (+20) Headings with the class \T1/lmtt/m/n/10 unnumbered \T1/lmr/m/n/10 (+20) will not be num-bered, even if
 []


Underfull \hbox (badness 1048) in paragraph at lines 5385--5389
\T1/lmtt/m/n/10 --number-sections \T1/lmr/m/n/10 (+20) is spec-i-fied. A sin-gle hy-phen (\T1/lmtt/m/n/10 -\T1/lmr/m/n/10 (+20) ) in an at-tribute
 []



[60]

[61]
Overfull \hbox (11.99896pt too wide) in paragraph at lines 5522--5522
[]\T1/lmtt/m/n/10 >> Not nested, since \TS1/lmtt/m/n/10 `\T1/lmtt/m/n/10 blank_before_blockquote\TS1/lmtt/m/n/10 ` \T1/lmtt/m/n/10 is enabled by default[] 
 []



[62]

[63]

[64]

[65]

[66]
LaTeX Font Info:    External font `lmex10' loaded for size
(Font)              <10> on input line 5857.
LaTeX Font Info:    External font `lmex10' loaded for size
(Font)              <7> on input line 5857.
LaTeX Font Info:    External font `lmex10' loaded for size
(Font)              <5> on input line 5857.


[67]

[68]

[69]

[70]

[71]

[72]

[73]

[74]

[75]

[76]

[77]

[78]

[79]
Overfull \hbox (6.74898pt too wide) in paragraph at lines 6648--6648
[]\T1/lmtt/m/n/10 $author.name$$if(author.affiliation)$ ($author.affiliation$)$endif$[] 
 []



[80]

[81]

[82]

[83]

[84]

[85]

[86]

[87]

[88]

[89]

[90]
Overfull \hbox (82.41827pt too wide) in paragraph at lines 7459--7464
[]\T1/lmr/m/n/10 (-20) LaTeX: \T1/lmtt/m/n/10 \includegraphics[width=0.5\textwidth,height=\textheight]{file.jpg}
 []



[91]

[92]
Overfull \hbox (1.499pt too wide) in paragraph at lines 7657--7657
[]\T1/lmtt/m/n/10 Blah blah [see @doe99, pp. 33-35 and *passim*; @smith04, chap. 1].[] 
 []



[93]

[94]

[95]
Underfull \hbox (badness 1881) in paragraph at lines 7818--7822
[]\T1/lmr/m/n/10 (+20) Attributes that oc-cur af-ter the open-ing fence in a fenced code
 []



[96]

[97]

[98]

[99]

Package longtable Warning: Column widths have changed
(longtable)                in table 11 on input line 8178.


Underfull \hbox (badness 10000) in paragraph at lines 8197--8198
[]
 []



[100]

[101]
Overfull \hbox (15.99905pt too wide) in paragraph at lines 8322--8322
 []\T1/lmtt/m/n/10 Spin wave dispersion on the <span class="nocase">nm</span> scale[] 
 []



[102]

[103]
Underfull \hbox (badness 1210) in paragraph at lines 8432--8436
[]\T1/lmr/m/n/10 (+20) If you wish the bib-li-og-ra-phy to have a sec-tion head-ing, you can set
 []



[104]

[105]

[106]

[107]

/home/tyler/Desktop/pandoc/example.tex:8713: LaTeX Error: Unicode character Âť (U+009D)
               not set up for use with LaTeX.

See the LaTeX manual or LaTeX Companion for explanation.
Type  H <return>  for immediate help.
 ...                                              
                                                  
l.8713 ... pandoc calls Ă˘â‚¬Ĺ“title slidesĂ˘â‚¬Âť
                                                  , i.e. slides
You may provide a definition with
\DeclareUnicodeCharacter 


/home/tyler/Desktop/pandoc/example.tex:8721: LaTeX Error: Unicode character Âť (U+009D)
               not set up for use with LaTeX.

See the LaTeX manual or LaTeX Companion for explanation.
Type  H <return>  for immediate help.
 ...                                              
                                                  
l.8721 ...sed instead of Ă˘â‚¬Ĺ“Two ContentĂ˘â‚¬Âť
                                                   for any two-column
You may provide a definition with
\DeclareUnicodeCharacter 



[108]

[109]
Underfull \hbox (badness 1092) in paragraph at lines 8818--8826
\T1/lmr/m/n/10 (+20) files in \T1/lmtt/m/n/10 $DATADIR/s5/default \T1/lmr/m/n/10 (+20) (for S5), \T1/lmtt/m/n/10 $DATADIR/slidy \T1/lmr/m/n/10 (+20) (for Slidy), or
 []



[110]

[111]

[112]
Overfull \hbox (43.71971pt too wide) in paragraph at lines 9019--9021
[]\T1/lmr/m/n/10 (-20) Note that for re-veal.js, the \T1/lmtt/m/n/10 background-image \T1/lmr/m/n/10 (-20) will be used as a \T1/lmtt/m/n/10 parallaxBackgroundImage
 []


Overfull \hbox (83.33311pt too wide) in paragraph at lines 9046--9049
\T1/lmr/m/n/10 (-20) To set an im-age for a par-tic-u-lar re-veal.js or pptx slide, add \T1/lmtt/m/n/10 {background-image="/path/to/image"}
 []



[113]

/home/tyler/Desktop/pandoc/example.tex:9072: LaTeX Error: Unicode character Âť (U+009D)
               not set up for use with LaTeX.

See the LaTeX manual or LaTeX Companion for explanation.
Type  H <return>  for immediate help.
 ...                                              
                                                  
l.9072 set on the Ă˘â‚¬Ĺ“Title SlideĂ˘â‚¬Âť
                                            layout.
You may provide a definition with
\DeclareUnicodeCharacter 


Overfull \hbox (111.74867pt too wide) in paragraph at lines 9093--9093
[]\T1/lmtt/m/n/10 Slide 2 has a special image for its background, even though the heading has no content.[] 
 []



[114]
Missing character: There is no — in font ts1-lmtt10!

Underfull \hbox (badness 6220) in paragraph at lines 9139--9148
\T1/lmtt/m/n/10 JP Magazine ID\T1/lmr/m/n/10 (+20) , \T1/lmtt/m/n/10 UPC-12+5\T1/lmr/m/n/10 (+20) , \T1/lmtt/m/n/10 BNF Control number\T1/lmr/m/n/10 (+20) , \T1/lmtt/m/n/10 ISSN-13\T1/lmr/m/n/10 (+20) , \T1/lmtt/m/n/10 ARK\T1/lmr/m/n/10 (+20) ,
 []



[115]
Overfull \hbox (67.865pt too wide) in paragraph at lines 9203--9207
[]\T1/lmr/m/n/10 (-20) Either \T1/lmtt/m/n/10 ltr \T1/lmr/m/n/10 (-20) or \T1/lmtt/m/n/10 rtl\T1/lmr/m/n/10 (-20) . Spec-i-fies the \T1/lmtt/m/n/10 page-progression-direction
 []

LaTeX Font Info:    Font shape `T1/lmtt/bx/n' in size <12> not available
(Font)              Font shape `T1/lmtt/b/n' tried instead on input line 9259.


[116]

[117]

[118]
Overfull \hbox (32.9989pt too wide) in paragraph at lines 9438--9438
[]\T1/lmtt/m/n/10 **Lorem ipsum** dolor sit amet, consectetur adipiscing elit. Nunc luctus[] 
 []



[119]
Overfull \hbox (32.9989pt too wide) in paragraph at lines 9488--9488
[]\T1/lmtt/m/n/10 **Lorem ipsum** dolor sit amet, consectetur adipiscing elit. Nunc luctus[] 
 []



[120]

LaTeX Font Warning: Font shape `T1/lmtt/bx/it' in size <10> not available
(Font)              Font shape `T1/lmtt/b/sl' tried instead on input line 9555.


LaTeX Font Warning: Font shape `TS1/lmtt/bx/it' in size <10> not available
(Font)              Font shape `TS1/lmtt/b/sl' tried instead on input line 9555.



[121]
Overfull \hbox (30.80435pt too wide) in paragraph at lines 9588--9590
[]\T1/lmr/m/n/10 (-20) Convert it to vim-doc with meta-data vari-able set (e.g.Â with \T1/lmtt/m/n/10 -M vimdoc-prefix=pandoc\T1/lmr/m/n/10 (-20) ) 
 []



[122]
Overfull \hbox (32.7046pt too wide) in paragraph at lines 9639--9644
[]\T1/lmr/m/n/10 (-20) If you are not sat-is-fied with the pre-de-fined styles, you can use \T1/lmtt/m/n/10 --print-highlight-style
 []



[123]

[124]
Overfull \hbox (22.49893pt too wide) in paragraph at lines 9758--9758
[]\T1/lmtt/m/n/10 ![Image with object style](myImage.jpg){object-style="fixedSizeImage"}[] 
 []


Overfull \hbox (1.499pt too wide) in paragraph at lines 9792--9792
[]\T1/lmtt/m/n/10 $ pandoc test/docx/custom-style-reference.docx -f docx -t markdown[] 
 []


Overfull \hbox (17.24895pt too wide) in paragraph at lines 9792--9792
[]\T1/lmtt/m/n/10 This is text with an *emphasized* text style. And this is text with a[] 
 []


Overfull \hbox (38.24889pt too wide) in paragraph at lines 9812--9812
[]\T1/lmtt/m/n/10 $ pandoc test/docx/custom-style-reference.docx -f docx+styles -t markdown[] 
 []


Overfull \hbox (22.49893pt too wide) in paragraph at lines 9812--9812
[]\T1/lmtt/m/n/10 This is text with an [emphasized]{custom-style="Emphatic"} text style.[] 
 []


Overfull \hbox (6.74898pt too wide) in paragraph at lines 9812--9812
[]\T1/lmtt/m/n/10 And this is text with a [strengthened]{custom-style="Strengthened"}[] 
 []



[125]

[126]
Overfull \hbox (1.499pt too wide) in paragraph at lines 9920--9920
[]\T1/lmtt/m/n/10 pandoc -V pdfstandard=ua-2 --pdf-engine=lualatex doc.md -o doc.pdf[] 
 []



[127]
Overfull \hbox (1.499pt too wide) in paragraph at lines 9986--9986
[]\T1/lmtt/m/n/10 pandoc --pdf-engine=typst --pdf-engine-opt=--pdf-standard=a-2b ...[] 
 []



[128]
Overfull \hbox (10.38646pt too wide) in paragraph at lines 10055--10062
[]\T1/lmr/m/n/10 (-20) Several out-put for-mats (in-clud-ing RTF, FB2, HTML with \T1/lmtt/m/n/10 --self-contained\T1/lmr/m/n/10 (-20) ,
 []



[129]

Package longtable Warning: Table widths have changed. Rerun LaTeX.



[130] (./example.aux)
 ***********
LaTeX2e <2025-06-01> patch level 1
L3 programming layer <2025-07-20>
 ***********


LaTeX Warning: Label(s) may have changed. Rerun to get cross-references right.

 ) 
Here is how much of TeX's memory you used:
 14825 strings out of 467801
 229518 string characters out of 5431916
 686835 words of memory out of 5000000
 42404 multiletter control sequences out of 15000+600000
 706518 words of font info for 190 fonts, out of 8000000 for 9000
 1141 hyphenation exceptions out of 8191
 83i,9n,93p,1031b,754s stack positions out of 10000i,1000n,20000p,200000b,200000s
</usr/local/texlive/2025/texmf-dist/fonts/type1/public/lm/lmbx10.pfb></usr/local/texlive/2025/texmf-dist/fonts/type1/public/lm/lmbx12.pfb></usr/local/texlive/2025/texmf-dist/fonts/type1/public/lm/lmbxi10.pfb></usr/local/texlive/2025/texmf-dist/fonts/type1/public/lm/lmr10.pfb></usr/local/texlive/2025/texmf-dist/fonts/type1/public/lm/lmr12.pfb></usr/local/texlive/2025/texmf-dist/fonts/type1/public/lm/lmr17.pfb></usr/local/texlive/2025/texmf-dist/fonts/type1/public/lm/lmr6.pfb></usr/local/texlive/2025/texmf-dist/fonts/type1/public/lm/lmr7.pfb></usr/local/texlive/2025/texmf-dist/fonts/type1/public/lm/lmr8.pfb></usr/local/texlive/2025/texmf-dist/fonts/type1/public/lm/lmri10.pfb></usr/local/texlive/2025/texmf-dist/fonts/type1/public/lm/lmri8.pfb></usr/local/texlive/2025/texmf-dist/fonts/type1/public/lm/lmtk10.pfb></usr/local/texlive/2025/texmf-dist/fonts/type1/public/lm/lmtko10.pfb></usr/local/texlive/2025/texmf-dist/fonts/type1/public/lm/lmtt10.pfb></usr/local/texlive/2025/texmf-dist/fonts/type1/public/lm/lmtt8.pfb></usr/local/texlive/2025/texmf-dist/fonts/type1/public/lm/lmtti10.pfb>
Output written on example.pdf (130 pages, 748774 bytes).
PDF statistics:
 2495 PDF objects out of 2984 (max. 8388607)
 2304 compressed objects within 24 object streams
 666 named destinations out of 1000 (max. 500000)
 42921 words of extra memory for PDF output out of 42996 (max. 10000000)

